# JRE version: OpenJDK Runtime Environment (11.0.10) (build 11.0.10+0-b96-7249189)
# Java VM: OpenJDK 64-Bit Server VM (11.0.10+0-b96-7249189, mixed mode, tiered, compressed oops, g1 gc, windows-amd64)
Heap:
 garbage-first heap   total 131072K, used 92108K [0x0000000080000000, 0x0000000100000000)
  region size 1024K, 8 young (8192K), 4 survivors (4096K)
 Metaspace       used 70261K, capacity 72081K, committed 72320K, reserved 1112064K
  class space    used 8856K, capacity 9514K, committed 9600K, reserved 1048576K
GC Heap History (20 events):
Event: 59.751 GC heap before
{Heap before GC invocations=99 (full 0):
 garbage-first heap   total 131072K, used 113751K [0x0000000080000000, 0x0000000100000000)
  region size 1024K, 42 young (43008K), 2 survivors (2048K)
 Metaspace       used 55602K, capacity 57216K, committed 57344K, reserved 1099776K
  class space    used 7072K, capacity 7583K, committed 7680K, reserved 1048576K
}
Event: 59.752 GC heap after
{Heap after GC invocations=100 (full 0):
 garbage-first heap   total 131072K, used 73329K [0x0000000080000000, 0x0000000100000000)
  region size 1024K, 2 young (2048K), 2 survivors (2048K)
 Metaspace       used 55602K, capacity 57216K, committed 57344K, reserved 1099776K
  class space    used 7072K, capacity 7583K, committed 7680K, reserved 1048576K
}
Event: 60.227 GC heap before
{Heap before GC invocations=100 (full 0):
 garbage-first heap   total 131072K, used 114289K [0x0000000080000000, 0x0000000100000000)
  region size 1024K, 42 young (43008K), 2 survivors (2048K)
 Metaspace       used 55602K, capacity 57216K, committed 57344K, reserved 1099776K
  class space    used 7072K, capacity 7583K, committed 7680K, reserved 1048576K
}
Event: 60.229 GC heap after
{Heap after GC invocations=101 (full 0):
 garbage-first heap   total 131072K, used 73898K [0x0000000080000000, 0x0000000100000000)
  region size 1024K, 3 young (3072K), 3 survivors (3072K)
 Metaspace       used 55602K, capacity 57216K, committed 57344K, reserved 1099776K
  class space    used 7072K, capacity 7583K, committed 7680K, reserved 1048576K
}
Event: 60.767 GC heap before
{Heap before GC invocations=101 (full 0):
 garbage-first heap   total 131072K, used 113834K [0x0000000080000000, 0x0000000100000000)
  region size 1024K, 42 young (43008K), 3 survivors (3072K)
 Metaspace       used 55602K, capacity 57216K, committed 57344K, reserved 1099776K
  class space    used 7072K, capacity 7583K, committed 7680K, reserved 1048576K
}
Event: 60.770 GC heap after
{Heap after GC invocations=102 (full 0):
 garbage-first heap   total 131072K, used 71467K [0x0000000080000000, 0x0000000100000000)
  region size 1024K, 3 young (3072K), 3 survivors (3072K)
 Metaspace       used 55602K, capacity 57216K, committed 57344K, reserved 1099776K
  class space    used 7072K, capacity 7583K, committed 7680K, reserved 1048576K
}
Event: 62.172 GC heap before
{Heap before GC invocations=102 (full 0):
 garbage-first heap   total 131072K, used 119595K [0x0000000080000000, 0x0000000100000000)
  region size 1024K, 43 young (44032K), 3 survivors (3072K)
 Metaspace       used 55624K, capacity 57216K, committed 57344K, reserved 1099776K
  class space    used 7072K, capacity 7583K, committed 7680K, reserved 1048576K
}
Event: 62.176 GC heap after
{Heap after GC invocations=103 (full 0):
 garbage-first heap   total 131072K, used 85635K [0x0000000080000000, 0x0000000100000000)
  region size 1024K, 6 young (6144K), 6 survivors (6144K)
 Metaspace       used 55624K, capacity 57216K, committed 57344K, reserved 1099776K
  class space    used 7072K, capacity 7583K, committed 7680K, reserved 1048576K
}
Event: 63.288 GC heap before
{Heap before GC invocations=103 (full 0):
 garbage-first heap   total 131072K, used 110211K [0x0000000080000000, 0x0000000100000000)
  region size 1024K, 31 young (31744K), 6 survivors (6144K)
 Metaspace       used 56544K, capacity 58121K, committed 58240K, reserved 1099776K
  class space    used 7219K, capacity 7749K, committed 7808K, reserved 1048576K
}
Event: 63.295 GC heap after
{Heap after GC invocations=104 (full 0):
 garbage-first heap   total 131072K, used 87303K [0x0000000080000000, 0x0000000100000000)
  region size 1024K, 2 young (2048K), 2 survivors (2048K)
 Metaspace       used 56544K, capacity 58121K, committed 58240K, reserved 1099776K
  class space    used 7219K, capacity 7749K, committed 7808K, reserved 1048576K
}
Event: 64.412 GC heap before
{Heap before GC invocations=105 (full 0):
 garbage-first heap   total 131072K, used 109831K [0x0000000080000000, 0x0000000100000000)
  region size 1024K, 25 young (25600K), 2 survivors (2048K)
 Metaspace       used 59717K, capacity 61476K, committed 61696K, reserved 1103872K
  class space    used 7600K, capacity 8186K, committed 8192K, reserved 1048576K
}
Event: 64.416 GC heap after
{Heap after GC invocations=106 (full 0):
 garbage-first heap   total 131072K, used 88013K [0x0000000080000000, 0x0000000100000000)
  region size 1024K, 3 young (3072K), 3 survivors (3072K)
 Metaspace       used 59717K, capacity 61476K, committed 61696K, reserved 1103872K
  class space    used 7600K, capacity 8186K, committed 8192K, reserved 1048576K
}
Event: 64.539 GC heap before
{Heap before GC invocations=106 (full 0):
 garbage-first heap   total 131072K, used 91085K [0x0000000080000000, 0x0000000100000000)
  region size 1024K, 6 young (6144K), 3 survivors (3072K)
 Metaspace       used 60079K, capacity 61828K, committed 62080K, reserved 1103872K
  class space    used 7645K, capacity 8218K, committed 8320K, reserved 1048576K
}
Event: 64.543 GC heap after
{Heap after GC invocations=107 (full 0):
 garbage-first heap   total 131072K, used 84148K [0x0000000080000000, 0x0000000100000000)
  region size 1024K, 1 young (1024K), 1 survivors (1024K)
 Metaspace       used 60079K, capacity 61828K, committed 62080K, reserved 1103872K
  class space    used 7645K, capacity 8218K, committed 8320K, reserved 1048576K
}
Event: 66.045 GC heap before
{Heap before GC invocations=107 (full 0):
 garbage-first heap   total 131072K, used 108724K [0x0000000080000000, 0x0000000100000000)
  region size 1024K, 26 young (26624K), 1 survivors (1024K)
 Metaspace       used 64245K, capacity 65933K, committed 66048K, reserved 1105920K
  class space    used 8096K, capacity 8691K, committed 8704K, reserved 1048576K
}
Event: 66.048 GC heap after
{Heap after GC invocations=108 (full 0):
 garbage-first heap   total 131072K, used 84970K [0x0000000080000000, 0x0000000100000000)
  region size 1024K, 2 young (2048K), 2 survivors (2048K)
 Metaspace       used 64245K, capacity 65933K, committed 66048K, reserved 1105920K
  class space    used 8096K, capacity 8691K, committed 8704K, reserved 1048576K
}
Event: 67.531 GC heap before
{Heap before GC invocations=108 (full 0):
 garbage-first heap   total 131072K, used 109546K [0x0000000080000000, 0x0000000100000000)
  region size 1024K, 27 young (27648K), 2 survivors (2048K)
 Metaspace       used 68256K, capacity 70115K, committed 70272K, reserved 1110016K
  class space    used 8610K, capacity 9250K, committed 9344K, reserved 1048576K
}
Event: 67.535 GC heap after
{Heap after GC invocations=109 (full 0):
 garbage-first heap   total 131072K, used 87051K [0x0000000080000000, 0x0000000100000000)
  region size 1024K, 4 young (4096K), 4 survivors (4096K)
 Metaspace       used 68256K, capacity 70115K, committed 70272K, reserved 1110016K
  class space    used 8610K, capacity 9250K, committed 9344K, reserved 1048576K
}
Event: 68.162 GC heap before
{Heap before GC invocations=109 (full 0):
 garbage-first heap   total 131072K, used 109579K [0x0000000080000000, 0x0000000100000000)
  region size 1024K, 27 young (27648K), 4 survivors (4096K)
 Metaspace       used 69996K, capacity 71848K, committed 72064K, reserved 1112064K
  class space    used 8819K, capacity 9480K, committed 9600K, reserved 1048576K
}
Event: 68.167 GC heap after
{Heap after GC invocations=110 (full 0):
 garbage-first heap   total 131072K, used 89036K [0x0000000080000000, 0x0000000100000000)
  region size 1024K, 4 young (4096K), 4 survivors (4096K)
 Metaspace       used 69996K, capacity 71848K, committed 72064K, reserved 1112064K
  class space    used 8819K, capacity 9480K, committed 9600K, reserved 1048576K
}

