# JRE version: OpenJDK Runtime Environment (11.0.10) (build 11.0.10+0-b96-7249189)
# Java VM: OpenJDK 64-Bit Server VM (11.0.10+0-b96-7249189, mixed mode, tiered, compressed oops, g1 gc, windows-amd64)
Heap:
 garbage-first heap   total 131072K, used 80558K [0x0000000080000000, 0x0000000100000000)
  region size 1024K, 13 young (13312K), 3 survivors (3072K)
 Metaspace       used 64024K, capacity 65701K, committed 66048K, reserved 1105920K
  class space    used 8052K, capacity 8614K, committed 8704K, reserved 1048576K
GC Heap History (20 events):
Event: 72.723 GC heap before
{Heap before GC invocations=18 (full 0):
 garbage-first heap   total 131072K, used 108289K [0x0000000080000000, 0x0000000100000000)
  region size 1024K, 45 young (46080K), 2 survivors (2048K)
 Metaspace       used 63603K, capacity 65276K, committed 65536K, reserved 1105920K
  class space    used 8048K, capacity 8624K, committed 8704K, reserved 1048576K
}
Event: 72.726 GC heap after
{Heap after GC invocations=19 (full 0):
 garbage-first heap   total 131072K, used 65200K [0x0000000080000000, 0x0000000100000000)
  region size 1024K, 2 young (2048K), 2 survivors (2048K)
 Metaspace       used 63603K, capacity 65276K, committed 65536K, reserved 1105920K
  class space    used 8048K, capacity 8624K, committed 8704K, reserved 1048576K
}
Event: 87.812 GC heap before
{Heap before GC invocations=19 (full 0):
 garbage-first heap   total 131072K, used 97968K [0x0000000080000000, 0x0000000100000000)
  region size 1024K, 36 young (36864K), 2 survivors (2048K)
 Metaspace       used 63632K, capacity 65276K, committed 65536K, reserved 1105920K
  class space    used 8049K, capacity 8624K, committed 8704K, reserved 1048576K
}
Event: 87.815 GC heap after
{Heap after GC invocations=20 (full 0):
 garbage-first heap   total 131072K, used 65153K [0x0000000080000000, 0x0000000100000000)
  region size 1024K, 2 young (2048K), 2 survivors (2048K)
 Metaspace       used 63632K, capacity 65276K, committed 65536K, reserved 1105920K
  class space    used 8049K, capacity 8624K, committed 8704K, reserved 1048576K
}
Event: 88.340 GC heap before
{Heap before GC invocations=21 (full 0):
 garbage-first heap   total 131072K, used 108161K [0x0000000080000000, 0x0000000100000000)
  region size 1024K, 44 young (45056K), 2 survivors (2048K)
 Metaspace       used 63932K, capacity 65587K, committed 65792K, reserved 1105920K
  class space    used 8051K, capacity 8620K, committed 8704K, reserved 1048576K
}
Event: 88.343 GC heap after
{Heap after GC invocations=22 (full 0):
 garbage-first heap   total 131072K, used 66579K [0x0000000080000000, 0x0000000100000000)
  region size 1024K, 3 young (3072K), 3 survivors (3072K)
 Metaspace       used 63932K, capacity 65587K, committed 65792K, reserved 1105920K
  class space    used 8051K, capacity 8620K, committed 8704K, reserved 1048576K
}
Event: 88.788 GC heap before
{Heap before GC invocations=22 (full 0):
 garbage-first heap   total 131072K, used 107539K [0x0000000080000000, 0x0000000100000000)
  region size 1024K, 44 young (45056K), 3 survivors (3072K)
 Metaspace       used 63934K, capacity 65587K, committed 65792K, reserved 1105920K
  class space    used 8051K, capacity 8620K, committed 8704K, reserved 1048576K
}
Event: 88.792 GC heap after
{Heap after GC invocations=23 (full 0):
 garbage-first heap   total 131072K, used 66733K [0x0000000080000000, 0x0000000100000000)
  region size 1024K, 3 young (3072K), 3 survivors (3072K)
 Metaspace       used 63934K, capacity 65587K, committed 65792K, reserved 1105920K
  class space    used 8051K, capacity 8620K, committed 8704K, reserved 1048576K
}
Event: 89.888 GC heap before
{Heap before GC invocations=24 (full 0):
 garbage-first heap   total 131072K, used 108717K [0x0000000080000000, 0x0000000100000000)
  region size 1024K, 45 young (46080K), 3 survivors (3072K)
 Metaspace       used 63936K, capacity 65587K, committed 65792K, reserved 1105920K
  class space    used 8051K, capacity 8620K, committed 8704K, reserved 1048576K
}
Event: 89.892 GC heap after
{Heap after GC invocations=25 (full 0):
 garbage-first heap   total 131072K, used 67000K [0x0000000080000000, 0x0000000100000000)
  region size 1024K, 3 young (3072K), 3 survivors (3072K)
 Metaspace       used 63936K, capacity 65587K, committed 65792K, reserved 1105920K
  class space    used 8051K, capacity 8620K, committed 8704K, reserved 1048576K
}
Event: 90.028 GC heap before
{Heap before GC invocations=26 (full 0):
 garbage-first heap   total 131072K, used 83384K [0x0000000080000000, 0x0000000100000000)
  region size 1024K, 17 young (17408K), 3 survivors (3072K)
 Metaspace       used 63936K, capacity 65587K, committed 65792K, reserved 1105920K
  class space    used 8051K, capacity 8620K, committed 8704K, reserved 1048576K
}
Event: 90.032 GC heap after
{Heap after GC invocations=27 (full 0):
 garbage-first heap   total 131072K, used 66988K [0x0000000080000000, 0x0000000100000000)
  region size 1024K, 3 young (3072K), 3 survivors (3072K)
 Metaspace       used 63936K, capacity 65587K, committed 65792K, reserved 1105920K
  class space    used 8051K, capacity 8620K, committed 8704K, reserved 1048576K
}
Event: 90.316 GC heap before
{Heap before GC invocations=28 (full 0):
 garbage-first heap   total 131072K, used 106924K [0x0000000080000000, 0x0000000100000000)
  region size 1024K, 39 young (39936K), 3 survivors (3072K)
 Metaspace       used 63980K, capacity 65587K, committed 65792K, reserved 1105920K
  class space    used 8052K, capacity 8620K, committed 8704K, reserved 1048576K
}
Event: 90.319 GC heap after
{Heap after GC invocations=29 (full 0):
 garbage-first heap   total 131072K, used 70769K [0x0000000080000000, 0x0000000100000000)
  region size 1024K, 4 young (4096K), 4 survivors (4096K)
 Metaspace       used 63980K, capacity 65587K, committed 65792K, reserved 1105920K
  class space    used 8052K, capacity 8620K, committed 8704K, reserved 1048576K
}
Event: 90.508 GC heap before
{Heap before GC invocations=29 (full 0):
 garbage-first heap   total 131072K, used 105585K [0x0000000080000000, 0x0000000100000000)
  region size 1024K, 39 young (39936K), 4 survivors (4096K)
 Metaspace       used 63996K, capacity 65653K, committed 65792K, reserved 1105920K
  class space    used 8052K, capacity 8620K, committed 8704K, reserved 1048576K
}
Event: 90.513 GC heap after
{Heap after GC invocations=30 (full 0):
 garbage-first heap   total 131072K, used 71303K [0x0000000080000000, 0x0000000100000000)
  region size 1024K, 3 young (3072K), 3 survivors (3072K)
 Metaspace       used 63996K, capacity 65653K, committed 65792K, reserved 1105920K
  class space    used 8052K, capacity 8620K, committed 8704K, reserved 1048576K
}
Event: 90.768 GC heap before
{Heap before GC invocations=31 (full 0):
 garbage-first heap   total 131072K, used 106119K [0x0000000080000000, 0x0000000100000000)
  region size 1024K, 39 young (39936K), 3 survivors (3072K)
 Metaspace       used 64024K, capacity 65653K, committed 65792K, reserved 1105920K
  class space    used 8055K, capacity 8620K, committed 8704K, reserved 1048576K
}
Event: 90.770 GC heap after
{Heap after GC invocations=32 (full 0):
 garbage-first heap   total 131072K, used 71469K [0x0000000080000000, 0x0000000100000000)
  region size 1024K, 3 young (3072K), 3 survivors (3072K)
 Metaspace       used 64024K, capacity 65653K, committed 65792K, reserved 1105920K
  class space    used 8055K, capacity 8620K, committed 8704K, reserved 1048576K
}
Event: 90.910 GC heap before
{Heap before GC invocations=32 (full 0):
 garbage-first heap   total 131072K, used 107309K [0x0000000080000000, 0x0000000100000000)
  region size 1024K, 39 young (39936K), 3 survivors (3072K)
 Metaspace       used 64035K, capacity 65719K, committed 66048K, reserved 1105920K
  class space    used 8055K, capacity 8620K, committed 8704K, reserved 1048576K
}
Event: 90.913 GC heap after
{Heap after GC invocations=33 (full 0):
 garbage-first heap   total 131072K, used 71342K [0x0000000080000000, 0x0000000100000000)
  region size 1024K, 3 young (3072K), 3 survivors (3072K)
 Metaspace       used 64035K, capacity 65719K, committed 66048K, reserved 1105920K
  class space    used 8055K, capacity 8620K, committed 8704K, reserved 1048576K
}

