# JRE version: OpenJDK Runtime Environment (11.0.10) (build 11.0.10+0-b96-7249189)
# Java VM: OpenJDK 64-Bit Server VM (11.0.10+0-b96-7249189, mixed mode, tiered, compressed oops, g1 gc, windows-amd64)
Heap:
 garbage-first heap   total 131072K, used 80215K [0x0000000080000000, 0x0000000100000000)
  region size 1024K, 20 young (20480K), 2 survivors (2048K)
 Metaspace       used 49939K, capacity 51401K, committed 51712K, reserved 1093632K
  class space    used 6340K, capacity 6848K, committed 6912K, reserved 1048576K
GC Heap History (20 events):
Event: 16.027 GC heap before
{Heap before GC invocations=6 (full 0):
 garbage-first heap   total 131072K, used 43990K [0x0000000080000000, 0x0000000100000000)
  region size 1024K, 19 young (19456K), 8 survivors (8192K)
 Metaspace       used 34840K, capacity 35711K, committed 35840K, reserved 1081344K
  class space    used 4550K, capacity 4897K, committed 4992K, reserved 1048576K
}
Event: 16.042 GC heap after
{Heap after GC invocations=7 (full 0):
 garbage-first heap   total 131072K, used 35245K [0x0000000080000000, 0x0000000100000000)
  region size 1024K, 2 young (2048K), 2 survivors (2048K)
 Metaspace       used 34840K, capacity 35711K, committed 35840K, reserved 1081344K
  class space    used 4550K, capacity 4897K, committed 4992K, reserved 1048576K
}
Event: 18.316 GC heap before
{Heap before GC invocations=8 (full 0):
 garbage-first heap   total 131072K, used 93613K [0x0000000080000000, 0x0000000100000000)
  region size 1024K, 56 young (57344K), 2 survivors (2048K)
 Metaspace       used 40526K, capacity 41508K, committed 41728K, reserved 1085440K
  class space    used 5196K, capacity 5569K, committed 5632K, reserved 1048576K
}
Event: 18.322 GC heap after
{Heap after GC invocations=9 (full 0):
 garbage-first heap   total 131072K, used 39090K [0x0000000080000000, 0x0000000100000000)
  region size 1024K, 6 young (6144K), 6 survivors (6144K)
 Metaspace       used 40526K, capacity 41508K, committed 41728K, reserved 1085440K
  class space    used 5196K, capacity 5569K, committed 5632K, reserved 1048576K
}
Event: 20.209 GC heap before
{Heap before GC invocations=9 (full 0):
 garbage-first heap   total 131072K, used 101554K [0x0000000080000000, 0x0000000100000000)
  region size 1024K, 59 young (60416K), 6 survivors (6144K)
 Metaspace       used 44547K, capacity 45779K, committed 46080K, reserved 1089536K
  class space    used 5607K, capacity 6047K, committed 6144K, reserved 1048576K
}
Event: 20.217 GC heap after
{Heap after GC invocations=10 (full 0):
 garbage-first heap   total 131072K, used 51686K [0x0000000080000000, 0x0000000100000000)
  region size 1024K, 8 young (8192K), 8 survivors (8192K)
 Metaspace       used 44547K, capacity 45779K, committed 46080K, reserved 1089536K
  class space    used 5607K, capacity 6047K, committed 6144K, reserved 1048576K
}
Event: 21.577 GC heap before
{Heap before GC invocations=10 (full 0):
 garbage-first heap   total 131072K, used 98790K [0x0000000080000000, 0x0000000100000000)
  region size 1024K, 54 young (55296K), 8 survivors (8192K)
 Metaspace       used 46777K, capacity 48061K, committed 48256K, reserved 1091584K
  class space    used 5971K, capacity 6404K, committed 6528K, reserved 1048576K
}
Event: 21.586 GC heap after
{Heap after GC invocations=11 (full 0):
 garbage-first heap   total 131072K, used 55236K [0x0000000080000000, 0x0000000100000000)
  region size 1024K, 4 young (4096K), 4 survivors (4096K)
 Metaspace       used 46777K, capacity 48061K, committed 48256K, reserved 1091584K
  class space    used 5971K, capacity 6404K, committed 6528K, reserved 1048576K
}
Event: 24.209 GC heap before
{Heap before GC invocations=11 (full 0):
 garbage-first heap   total 131072K, used 103364K [0x0000000080000000, 0x0000000100000000)
  region size 1024K, 49 young (50176K), 4 survivors (4096K)
 Metaspace       used 49598K, capacity 51012K, committed 51200K, reserved 1093632K
  class space    used 6338K, capacity 6848K, committed 6912K, reserved 1048576K
}
Event: 24.215 GC heap after
{Heap after GC invocations=12 (full 0):
 garbage-first heap   total 131072K, used 58028K [0x0000000080000000, 0x0000000100000000)
  region size 1024K, 5 young (5120K), 5 survivors (5120K)
 Metaspace       used 49598K, capacity 51012K, committed 51200K, reserved 1093632K
  class space    used 6338K, capacity 6848K, committed 6912K, reserved 1048576K
}
Event: 24.591 GC heap before
{Heap before GC invocations=12 (full 0):
 garbage-first heap   total 131072K, used 76460K [0x0000000080000000, 0x0000000100000000)
  region size 1024K, 22 young (22528K), 5 survivors (5120K)
 Metaspace       used 49802K, capacity 51273K, committed 51456K, reserved 1093632K
  class space    used 6339K, capacity 6848K, committed 6912K, reserved 1048576K
}
Event: 24.599 GC heap after
{Heap after GC invocations=13 (full 0):
 garbage-first heap   total 131072K, used 58186K [0x0000000080000000, 0x0000000100000000)
  region size 1024K, 3 young (3072K), 3 survivors (3072K)
 Metaspace       used 49802K, capacity 51273K, committed 51456K, reserved 1093632K
  class space    used 6339K, capacity 6848K, committed 6912K, reserved 1048576K
}
Event: 25.083 GC heap before
{Heap before GC invocations=14 (full 0):
 garbage-first heap   total 131072K, used 99146K [0x0000000080000000, 0x0000000100000000)
  region size 1024K, 41 young (41984K), 3 survivors (3072K)
 Metaspace       used 49924K, capacity 51401K, committed 51712K, reserved 1093632K
  class space    used 6340K, capacity 6848K, committed 6912K, reserved 1048576K
}
Event: 25.086 GC heap after
{Heap after GC invocations=15 (full 0):
 garbage-first heap   total 131072K, used 62099K [0x0000000080000000, 0x0000000100000000)
  region size 1024K, 4 young (4096K), 4 survivors (4096K)
 Metaspace       used 49924K, capacity 51401K, committed 51712K, reserved 1093632K
  class space    used 6340K, capacity 6848K, committed 6912K, reserved 1048576K
}
Event: 25.624 GC heap before
{Heap before GC invocations=15 (full 0):
 garbage-first heap   total 131072K, used 99987K [0x0000000080000000, 0x0000000100000000)
  region size 1024K, 42 young (43008K), 4 survivors (4096K)
 Metaspace       used 49929K, capacity 51401K, committed 51712K, reserved 1093632K
  class space    used 6340K, capacity 6848K, committed 6912K, reserved 1048576K
}
Event: 25.628 GC heap after
{Heap after GC invocations=16 (full 0):
 garbage-first heap   total 131072K, used 62192K [0x0000000080000000, 0x0000000100000000)
  region size 1024K, 4 young (4096K), 4 survivors (4096K)
 Metaspace       used 49929K, capacity 51401K, committed 51712K, reserved 1093632K
  class space    used 6340K, capacity 6848K, committed 6912K, reserved 1048576K
}
Event: 26.587 GC heap before
{Heap before GC invocations=17 (full 0):
 garbage-first heap   total 131072K, used 103152K [0x0000000080000000, 0x0000000100000000)
  region size 1024K, 44 young (45056K), 4 survivors (4096K)
 Metaspace       used 49932K, capacity 51401K, committed 51712K, reserved 1093632K
  class space    used 6340K, capacity 6848K, committed 6912K, reserved 1048576K
}
Event: 26.591 GC heap after
{Heap after GC invocations=18 (full 0):
 garbage-first heap   total 131072K, used 62353K [0x0000000080000000, 0x0000000100000000)
  region size 1024K, 4 young (4096K), 4 survivors (4096K)
 Metaspace       used 49932K, capacity 51401K, committed 51712K, reserved 1093632K
  class space    used 6340K, capacity 6848K, committed 6912K, reserved 1048576K
}
Event: 27.141 GC heap before
{Heap before GC invocations=18 (full 0):
 garbage-first heap   total 131072K, used 105361K [0x0000000080000000, 0x0000000100000000)
  region size 1024K, 46 young (47104K), 4 survivors (4096K)
 Metaspace       used 49938K, capacity 51401K, committed 51712K, reserved 1093632K
  class space    used 6340K, capacity 6848K, committed 6912K, reserved 1048576K
}
Event: 27.144 GC heap after
{Heap after GC invocations=19 (full 0):
 garbage-first heap   total 131072K, used 62807K [0x0000000080000000, 0x0000000100000000)
  region size 1024K, 2 young (2048K), 2 survivors (2048K)
 Metaspace       used 49938K, capacity 51401K, committed 51712K, reserved 1093632K
  class space    used 6340K, capacity 6848K, committed 6912K, reserved 1048576K
}

